0 info it worked if it ends with ok
1 verbose cli [ 'C:\\Program Files\\nodejs\\node.exe',
1 verbose cli   'C:\\Program Files\\nodejs\\node_modules\\npm\\bin\\npm-cli.js',
1 verbose cli   'run',
1 verbose cli   'dev' ]
2 info using npm@4.1.2
3 info using node@v7.7.3
4 verbose run-script [ 'predev', 'dev', 'postdev' ]
5 info lifecycle devconnector@1.0.0~predev: devconnector@1.0.0
6 silly lifecycle devconnector@1.0.0~predev: no script for predev, continuing
7 info lifecycle devconnector@1.0.0~dev: devconnector@1.0.0
8 verbose lifecycle devconnector@1.0.0~dev: unsafe-perm in lifecycle true
9 verbose lifecycle devconnector@1.0.0~dev: PATH: C:\Users\hungngu\AppData\Roaming\nvm\v7.7.3\node_modules\npm\bin\node-gyp-bin;C:\Users\hungngu\Desktop\DevTogether\node_modules\.bin;C:\Program Files (x86)\Common Files\Oracle\Java\javapath;C:\Windows\system32;C:\Windows;C:\Windows\System32\Wbem;C:\Windows\System32\WindowsPowerShell\v1.0\;C:\Windows\System32\OpenSSH\;C:\Program Files (x86)\Brackets\command;C:\Program Files\Git\cmd;C:\Program Files (x86)\VietPN;C:\Program Files (x86)\Yarn\bin\;C:\Users\hungngu\AppData\Roaming\nvm;C:\Program Files\nodejs;C:\Users\hungngu\AppData\Local\Microsoft\WindowsApps;C:\Program Files\Microsoft VS Code\bin;C:\Users\hungngu\AppData\Local\atom\bin;C:\Program Files\heroku\bin;C:\Users\hungngu\AppData\Local\Yarn\bin;C:\Users\hungngu\AppData\Roaming\npm;C:\Users\hungngu\AppData\Roaming\nvm;C:\Program Files\nodejs
10 verbose lifecycle devconnector@1.0.0~dev: CWD: C:\Users\hungngu\Desktop\DevTogether
11 silly lifecycle devconnector@1.0.0~dev: Args: [ '/d /s /c', 'concurrently "npm run server" "npm run client"' ]
12 silly lifecycle devconnector@1.0.0~dev: Returned: code: 3221225786  signal: null
13 info lifecycle devconnector@1.0.0~dev: Failed to exec dev script
14 verbose stack Error: devconnector@1.0.0 dev: `concurrently "npm run server" "npm run client"`
14 verbose stack Exit status 3221225786
14 verbose stack     at EventEmitter.<anonymous> (C:\Users\hungngu\AppData\Roaming\nvm\v7.7.3\node_modules\npm\lib\utils\lifecycle.js:279:16)
14 verbose stack     at emitTwo (events.js:106:13)
14 verbose stack     at EventEmitter.emit (events.js:194:7)
14 verbose stack     at ChildProcess.<anonymous> (C:\Users\hungngu\AppData\Roaming\nvm\v7.7.3\node_modules\npm\lib\utils\spawn.js:40:14)
14 verbose stack     at emitTwo (events.js:106:13)
14 verbose stack     at ChildProcess.emit (events.js:194:7)
14 verbose stack     at maybeClose (internal/child_process.js:899:16)
14 verbose stack     at Process.ChildProcess._handle.onexit (internal/child_process.js:226:5)
15 verbose pkgid devconnector@1.0.0
16 verbose cwd C:\Users\hungngu\Desktop\DevTogether
17 error Windows_NT 10.0.17134
18 error argv "C:\\Program Files\\nodejs\\node.exe" "C:\\Program Files\\nodejs\\node_modules\\npm\\bin\\npm-cli.js" "run" "dev"
19 error node v7.7.3
20 error npm  v4.1.2
21 error code ELIFECYCLE
22 error devconnector@1.0.0 dev: `concurrently "npm run server" "npm run client"`
22 error Exit status 3221225786
23 error Failed at the devconnector@1.0.0 dev script 'concurrently "npm run server" "npm run client"'.
23 error Make sure you have the latest version of node.js and npm installed.
23 error If you do, this is most likely a problem with the devconnector package,
23 error not with npm itself.
23 error Tell the author that this fails on your system:
23 error     concurrently "npm run server" "npm run client"
23 error You can get information on how to open an issue for this project with:
23 error     npm bugs devconnector
23 error Or if that isn't available, you can get their info via:
23 error     npm owner ls devconnector
23 error There is likely additional logging output above.
24 verbose exit [ 1, true ]
